<?xml version="1.0" encoding="UTF-8"?>
<!-- Generated by org.testng.reporters.JUnitReportReporter -->
<testsuite hostname="DESKTOP-6ETQOV3" failures="0" tests="1" name="academy.ValidateNavBar" time="14.427" errors="0" timestamp="2020-10-08T00:07:13 SGT" skipped="0">
  <testcase classname="academy.ValidateNavBar" name="basePageNavigation" time="14.427"/>
  <system-out/>
</testsuite> <!-- academy.ValidateNavBar -->
