<?xml version="1.0" encoding="UTF-8"?>
<!-- Generated by org.testng.reporters.JUnitReportReporter -->
<testsuite hostname="DESKTOP-6ETQOV3" failures="0" tests="2" name="academy.HomePage" time="27.242" errors="0" timestamp="2020-10-08T00:07:13 SGT" skipped="0">
  <testcase classname="academy.HomePage" name="basePageNavigation" time="9.029"/>
  <system-out/>
  <testcase classname="academy.HomePage" name="basePageNavigation" time="18.213"/>
  <system-out/>
</testsuite> <!-- academy.HomePage -->
