<?xml version="1.0" encoding="UTF-8"?>
<!-- Generated by org.testng.reporters.JUnitReportReporter -->
<testsuite hostname="DESKTOP-6ETQOV3" failures="0" tests="1" name="academy.ValidateNavBar" time="19.017" errors="0" timestamp="2020-10-08T23:47:50 SGT" skipped="0">
  <testcase classname="academy.ValidateNavBar" name="basePageNavigation" time="19.017"/>
  <system-out/>
</testsuite> <!-- academy.ValidateNavBar -->
