<?xml version="1.0" encoding="UTF-8"?>
<!-- Generated by org.testng.reporters.JUnitReportReporter -->
<testsuite hostname="DESKTOP-6ETQOV3" failures="0" tests="2" name="academy.HomePage" time="22.374" errors="0" timestamp="2020-10-08T23:47:50 SGT" skipped="0">
  <testcase classname="academy.HomePage" name="basePageNavigation" time="11.653"/>
  <system-out/>
  <testcase classname="academy.HomePage" name="basePageNavigation" time="10.721"/>
  <system-out/>
</testsuite> <!-- academy.HomePage -->
